<?xml version="1.0" encoding="UTF-8"?>
<!-- Generated by org.testng.reporters.JUnitXMLReporter -->
<testsuite ignored="7" hostname="LAPTOP-I62PMQJU" failures="0" tests="2" name="Personal Loan" time="0.099" errors="0" timestamp="2024-08-15T12:49:17 IST">
  <testcase classname="TNGPkg.TNGClass" name="demo" time="0.011"/>
  <testcase classname="TNGPkg.Day4" name="LoginAPIHomeLoan" time="0.002"/>
  <testcase classname="TNGPkg.TNGClass" name="check" time="0.0">
    <ignored/>
  </testcase> <!-- check -->
  <testcase classname="TNGPkg.Day2" name="demoDay2" time="0.0">
    <ignored/>
  </testcase> <!-- demoDay2 -->
  <testcase classname="TNGPkg.Day2" name="checkDay2" time="0.0">
    <ignored/>
  </testcase> <!-- checkDay2 -->
  <testcase classname="TNGPkg.Day2" name="newcheck" time="0.0">
    <ignored/>
  </testcase> <!-- newcheck -->
  <testcase classname="TNGPkg.TNGClass" name="demo2" time="0.0">
    <ignored/>
  </testcase> <!-- demo2 -->
  <testcase classname="TNGPkg.Day4" name="MobileLoginHomeLoan" time="0.0">
    <ignored/>
  </testcase> <!-- MobileLoginHomeLoan -->
  <testcase classname="TNGPkg.Day4" name="WebLoginHomeLoan" time="0.0">
    <ignored/>
  </testcase> <!-- WebLoginHomeLoan -->
</testsuite> <!-- Personal Loan -->
