<?xml version="1.0" encoding="UTF-8"?>
<testng-results ignored="0" total="4" passed="3" failed="1" skipped="0">
  <reporter-output>
  </reporter-output>
  <suite started-at="2024-08-15T12:49:17 IST" name="Suite" finished-at="2024-08-15T12:49:17 IST" duration-ms="201">
    <groups>
      <group name="SmokeTest">
        <method signature="TNGClass.demo()[pri:0, instance:TNGPkg.TNGClass@6e6f2380]" name="demo" class="TNGPkg.TNGClass"/>
      </group> <!-- SmokeTest -->
    </groups>
    <test started-at="2024-08-15T12:49:17 IST" name="Personal Loan" finished-at="2024-08-15T12:49:17 IST" duration-ms="99">
      <class name="TNGPkg.TNGClass">
        <test-method signature="demo()[pri:0, instance:TNGPkg.TNGClass@6e6f2380]" started-at="2024-08-15T12:49:17 IST" name="demo" finished-at="2024-08-15T12:49:17 IST" duration-ms="11" status="PASS">
          <reporter-output>
          </reporter-output>
        </test-method> <!-- demo -->
      </class> <!-- TNGPkg.TNGClass -->
      <class name="TNGPkg.Day4">
        <test-method signature="LoginAPIHomeLoan()[pri:0, instance:TNGPkg.Day4@72cc7e6f]" started-at="2024-08-15T12:49:17 IST" name="LoginAPIHomeLoan" finished-at="2024-08-15T12:49:17 IST" duration-ms="2" status="PASS">
          <reporter-output>
          </reporter-output>
        </test-method> <!-- LoginAPIHomeLoan -->
        <test-method is-config="true" signature="afterallthetest()[pri:0, instance:TNGPkg.Day4@72cc7e6f]" started-at="2024-08-15T12:49:17 IST" name="afterallthetest" finished-at="2024-08-15T12:49:17 IST" duration-ms="6" status="PASS">
          <reporter-output>
          </reporter-output>
        </test-method> <!-- afterallthetest -->
      </class> <!-- TNGPkg.Day4 -->
    </test> <!-- Personal Loan -->
    <test started-at="2024-08-15T12:49:17 IST" name="Car Loan" finished-at="2024-08-15T12:49:17 IST" duration-ms="19">
      <class name="TNGPkg.Day3">
        <test-method is-config="true" signature="checkingBeforemethod()[pri:0, instance:TNGPkg.Day3@c430e6c]" started-at="2024-08-15T12:49:17 IST" name="checkingBeforemethod" finished-at="2024-08-15T12:49:17 IST" duration-ms="0" status="PASS">
          <reporter-output>
          </reporter-output>
        </test-method> <!-- checkingBeforemethod -->
        <test-method signature="LoginAPICarLoan()[pri:0, instance:TNGPkg.Day3@c430e6c]" started-at="2024-08-15T12:49:17 IST" name="LoginAPICarLoan" finished-at="2024-08-15T12:49:17 IST" duration-ms="1" status="PASS">
          <reporter-output>
          </reporter-output>
        </test-method> <!-- LoginAPICarLoan -->
        <test-method signature="WebLoginCarLoan(java.lang.String)[pri:0, instance:TNGPkg.Day3@c430e6c]" started-at="2024-08-15T12:49:17 IST" name="WebLoginCarLoan" finished-at="2024-08-15T12:49:17 IST" duration-ms="0" status="FAIL">
          <exception class="org.testng.TestNGException">
            <message>
              <![CDATA[
Parameter 'URL' is required by @Test on method WebLoginCarLoan but has not been marked @Optional or defined
in D:\Java Programs\TNGJava\testng.xml]]>
            </message>
            <full-stacktrace>
              <![CDATA[org.testng.TestNGException: 
Parameter 'URL' is required by @Test on method WebLoginCarLoan but has not been marked @Optional or defined
in D:\Java Programs\TNGJava\testng.xml
at org.testng.internal.Parameters.createParams(Parameters.java:264)
at org.testng.internal.Parameters.createParametersForMethod(Parameters.java:352)
at org.testng.internal.Parameters.createParameters(Parameters.java:690)
at org.testng.internal.Parameters.handleParameters(Parameters.java:885)
at org.testng.internal.Parameters.handleParameters(Parameters.java:734)
at org.testng.internal.invokers.ParameterHandler.handleParameters(ParameterHandler.java:72)
at org.testng.internal.invokers.ParameterHandler.createParameters(ParameterHandler.java:51)
at org.testng.internal.invokers.TestInvoker$MethodInvocationAgent.invoke(TestInvoker.java:946)
at org.testng.internal.invokers.TestInvoker.invokeTestMethods(TestInvoker.java:203)
at org.testng.internal.invokers.TestMethodWorker.invokeTestMethods(TestMethodWorker.java:154)
at org.testng.internal.invokers.TestMethodWorker.run(TestMethodWorker.java:134)
at java.base/java.util.ArrayList.forEach(ArrayList.java:1511)
at org.testng.TestRunner.privateRun(TestRunner.java:739)
at org.testng.TestRunner.run(TestRunner.java:614)
at org.testng.SuiteRunner.runTest(SuiteRunner.java:421)
at org.testng.SuiteRunner.runSequentially(SuiteRunner.java:413)
at org.testng.SuiteRunner.privateRun(SuiteRunner.java:373)
at org.testng.SuiteRunner.run(SuiteRunner.java:312)
at org.testng.SuiteRunnerWorker.runSuite(SuiteRunnerWorker.java:52)
at org.testng.SuiteRunnerWorker.run(SuiteRunnerWorker.java:95)
at org.testng.TestNG.runSuitesSequentially(TestNG.java:1274)
at org.testng.TestNG.runSuitesLocally(TestNG.java:1208)
at org.testng.TestNG.runSuites(TestNG.java:1112)
at org.testng.TestNG.run(TestNG.java:1079)
at org.testng.remote.AbstractRemoteTestNG.run(AbstractRemoteTestNG.java:115)
at org.testng.remote.RemoteTestNG.initAndRun(RemoteTestNG.java:293)
at org.testng.remote.RemoteTestNG.main(RemoteTestNG.java:91)
]]>
            </full-stacktrace>
          </exception> <!-- org.testng.TestNGException -->
          <reporter-output>
          </reporter-output>
        </test-method> <!-- WebLoginCarLoan -->
      </class> <!-- TNGPkg.Day3 -->
    </test> <!-- Car Loan -->
  </suite> <!-- Suite -->
</testng-results>
